# JRE version: OpenJDK Runtime Environment (11.0.10) (build 11.0.10+0-b96-7249189)
# Java VM: OpenJDK 64-Bit Server VM (11.0.10+0-b96-7249189, mixed mode, tiered, compressed oops, g1 gc, windows-amd64)
Heap:
 garbage-first heap   total 189440K, used 71756K [0x0000000080000000, 0x0000000100000000)
  region size 1024K, 30 young (30720K), 3 survivors (3072K)
 Metaspace       used 59445K, capacity 60972K, committed 61192K, reserved 1101824K
  class space    used 7518K, capacity 8068K, committed 8140K, reserved 1048576K
GC Heap History (20 events):
Event: 1.712 GC heap before
{Heap before GC invocations=1 (full 0):
 garbage-first heap   total 131072K, used 19702K [0x0000000080000000, 0x0000000100000000)
  region size 1024K, 14 young (14336K), 2 survivors (2048K)
 Metaspace       used 9904K, capacity 10114K, committed 10368K, reserved 1058816K
  class space    used 1022K, capacity 1102K, committed 1152K, reserved 1048576K
}
Event: 1.719 GC heap after
{Heap after GC invocations=2 (full 0):
 garbage-first heap   total 131072K, used 9168K [0x0000000080000000, 0x0000000100000000)
  region size 1024K, 2 young (2048K), 2 survivors (2048K)
 Metaspace       used 9904K, capacity 10114K, committed 10368K, reserved 1058816K
  class space    used 1022K, capacity 1102K, committed 1152K, reserved 1048576K
}
Event: 3.034 GC heap before
{Heap before GC invocations=2 (full 0):
 garbage-first heap   total 131072K, used 38864K [0x0000000080000000, 0x0000000100000000)
  region size 1024K, 30 young (30720K), 2 survivors (2048K)
 Metaspace       used 10836K, capacity 11067K, committed 11264K, reserved 1058816K
  class space    used 1125K, capacity 1206K, committed 1280K, reserved 1048576K
}
Event: 3.038 GC heap after
{Heap after GC invocations=3 (full 0):
 garbage-first heap   total 131072K, used 12055K [0x0000000080000000, 0x0000000100000000)
  region size 1024K, 4 young (4096K), 4 survivors (4096K)
 Metaspace       used 10836K, capacity 11067K, committed 11264K, reserved 1058816K
  class space    used 1125K, capacity 1206K, committed 1280K, reserved 1048576K
}
Event: 5.476 GC heap before
{Heap before GC invocations=3 (full 0):
 garbage-first heap   total 131072K, used 54039K [0x0000000080000000, 0x0000000100000000)
  region size 1024K, 46 young (47104K), 4 survivors (4096K)
 Metaspace       used 17684K, capacity 18086K, committed 18176K, reserved 1064960K
  class space    used 2079K, capacity 2236K, committed 2304K, reserved 1048576K
}
Event: 5.491 GC heap after
{Heap after GC invocations=4 (full 0):
 garbage-first heap   total 131072K, used 15850K [0x0000000080000000, 0x0000000100000000)
  region size 1024K, 6 young (6144K), 6 survivors (6144K)
 Metaspace       used 17684K, capacity 18086K, committed 18176K, reserved 1064960K
  class space    used 2079K, capacity 2236K, committed 2304K, reserved 1048576K
}
Event: 5.961 GC heap before
{Heap before GC invocations=4 (full 0):
 garbage-first heap   total 131072K, used 40426K [0x0000000080000000, 0x0000000100000000)
  region size 1024K, 31 young (31744K), 6 survivors (6144K)
 Metaspace       used 20620K, capacity 21150K, committed 21296K, reserved 1069056K
  class space    used 2513K, capacity 2688K, committed 2688K, reserved 1048576K
}
Event: 5.982 GC heap after
{Heap after GC invocations=5 (full 0):
 garbage-first heap   total 131072K, used 17077K [0x0000000080000000, 0x0000000100000000)
  region size 1024K, 6 young (6144K), 6 survivors (6144K)
 Metaspace       used 20620K, capacity 21150K, committed 21296K, reserved 1069056K
  class space    used 2513K, capacity 2688K, committed 2688K, reserved 1048576K
}
Event: 8.410 GC heap before
{Heap before GC invocations=6 (full 0):
 garbage-first heap   total 131072K, used 67253K [0x0000000080000000, 0x0000000100000000)
  region size 1024K, 56 young (57344K), 6 survivors (6144K)
 Metaspace       used 25793K, capacity 26418K, committed 26672K, reserved 1073152K
  class space    used 3366K, capacity 3598K, committed 3712K, reserved 1048576K
}
Event: 8.427 GC heap after
{Heap after GC invocations=7 (full 0):
 garbage-first heap   total 157696K, used 19016K [0x0000000080000000, 0x0000000100000000)
  region size 1024K, 3 young (3072K), 3 survivors (3072K)
 Metaspace       used 25793K, capacity 26418K, committed 26672K, reserved 1073152K
  class space    used 3366K, capacity 3598K, committed 3712K, reserved 1048576K
}
Event: 11.774 GC heap before
{Heap before GC invocations=7 (full 0):
 garbage-first heap   total 157696K, used 78408K [0x0000000080000000, 0x0000000100000000)
  region size 1024K, 62 young (63488K), 3 survivors (3072K)
 Metaspace       used 34797K, capacity 35606K, committed 35708K, reserved 1081344K
  class space    used 4524K, capacity 4832K, committed 4864K, reserved 1048576K
}
Event: 11.798 GC heap after
{Heap after GC invocations=8 (full 0):
 garbage-first heap   total 157696K, used 22366K [0x0000000080000000, 0x0000000100000000)
  region size 1024K, 6 young (6144K), 6 survivors (6144K)
 Metaspace       used 34797K, capacity 35606K, committed 35708K, reserved 1081344K
  class space    used 4524K, capacity 4832K, committed 4864K, reserved 1048576K
}
Event: 13.682 GC heap before
{Heap before GC invocations=9 (full 0):
 garbage-first heap   total 157696K, used 96094K [0x0000000080000000, 0x0000000100000000)
  region size 1024K, 76 young (77824K), 6 survivors (6144K)
 Metaspace       used 40197K, capacity 41159K, committed 41212K, reserved 1085440K
  class space    used 5156K, capacity 5499K, committed 5504K, reserved 1048576K
}
Event: 13.704 GC heap after
{Heap after GC invocations=10 (full 0):
 garbage-first heap   total 157696K, used 27334K [0x0000000080000000, 0x0000000100000000)
  region size 1024K, 9 young (9216K), 9 survivors (9216K)
 Metaspace       used 40197K, capacity 41159K, committed 41212K, reserved 1085440K
  class space    used 5156K, capacity 5499K, committed 5504K, reserved 1048576K
}
Event: 17.635 GC heap before
{Heap before GC invocations=10 (full 0):
 garbage-first heap   total 157696K, used 105158K [0x0000000080000000, 0x0000000100000000)
  region size 1024K, 85 young (87040K), 9 survivors (9216K)
 Metaspace       used 46600K, capacity 47824K, committed 47996K, reserved 1091584K
  class space    used 5958K, capacity 6399K, committed 6400K, reserved 1048576K
}
Event: 17.669 GC heap after
{Heap after GC invocations=11 (full 0):
 garbage-first heap   total 157696K, used 30308K [0x0000000080000000, 0x0000000100000000)
  region size 1024K, 8 young (8192K), 8 survivors (8192K)
 Metaspace       used 46600K, capacity 47824K, committed 47996K, reserved 1091584K
  class space    used 5958K, capacity 6399K, committed 6400K, reserved 1048576K
}
Event: 20.595 GC heap before
{Heap before GC invocations=11 (full 0):
 garbage-first heap   total 157696K, used 119396K [0x0000000080000000, 0x0000000100000000)
  region size 1024K, 92 young (94208K), 8 survivors (8192K)
 Metaspace       used 55389K, capacity 56788K, committed 57084K, reserved 1099776K
  class space    used 7004K, capacity 7510K, committed 7552K, reserved 1048576K
}
Event: 20.626 GC heap after
{Heap after GC invocations=12 (full 0):
 garbage-first heap   total 189440K, used 43452K [0x0000000080000000, 0x0000000100000000)
  region size 1024K, 12 young (12288K), 12 survivors (12288K)
 Metaspace       used 55389K, capacity 56788K, committed 57084K, reserved 1099776K
  class space    used 7004K, capacity 7510K, committed 7552K, reserved 1048576K
}
Event: 21.407 GC heap before
{Heap before GC invocations=12 (full 0):
 garbage-first heap   total 189440K, used 63932K [0x0000000080000000, 0x0000000100000000)
  region size 1024K, 33 young (33792K), 12 survivors (12288K)
 Metaspace       used 58263K, capacity 59748K, committed 59900K, reserved 1101824K
  class space    used 7392K, capacity 7940K, committed 8064K, reserved 1048576K
}
Event: 21.436 GC heap after
{Heap after GC invocations=13 (full 0):
 garbage-first heap   total 189440K, used 46156K [0x0000000080000000, 0x0000000100000000)
  region size 1024K, 3 young (3072K), 3 survivors (3072K)
 Metaspace       used 58263K, capacity 59748K, committed 59900K, reserved 1101824K
  class space    used 7392K, capacity 7940K, committed 8064K, reserved 1048576K
}

